<?xml version="1.0" encoding="UTF-8"?>
<!-- Generated by org.testng.reporters.JUnitReportReporter -->
<testsuite hostname="jeeveslaptop" failures="0" tests="1" name="testcase.MoveFirstTestcase$MoveLastTestcase" time="31.801" errors="0" timestamp="2023-04-07T03:00:58 IST" skipped="0">
  <testcase classname="testcase.MoveFirstTestcase$MoveLastTestcase" name="movefirst" time="31.801"/>
  <system-out/>
</testsuite> <!-- testcase.MoveFirstTestcase$MoveLastTestcase -->
