<?xml version="1.0" encoding="UTF-8"?>
<!-- Generated by org.testng.reporters.JUnitReportReporter -->
<testsuite hostname="jeeveslaptop" failures="0" tests="1" name="testcase.MoveFirstTestcase" time="30.768" errors="0" timestamp="2023-04-06T23:43:51 IST" skipped="0">
  <testcase classname="testcase.MoveFirstTestcase" name="selectiontool" time="30.768"/>
  <system-out/>
</testsuite> <!-- testcase.MoveFirstTestcase -->
