<?xml version="1.0" encoding="UTF-8"?>
<!-- Generated by org.testng.reporters.JUnitReportReporter -->
<testsuite hostname="jeeveslaptop" failures="0" tests="1" name="testcase.moveNextTestcase$MoveLastTestcase" time="26.352" errors="0" timestamp="2023-04-07T00:07:59 IST" skipped="0">
  <testcase classname="testcase.moveNextTestcase$MoveLastTestcase" name="selectiontool" time="26.352"/>
  <system-out/>
</testsuite> <!-- testcase.moveNextTestcase$MoveLastTestcase -->
