<?xml version="1.0" encoding="UTF-8"?>
<!-- Generated by org.testng.reporters.JUnitReportReporter -->
<testsuite hostname="jeeveslaptop" failures="0" tests="1" name="testcase.zoomMagnifierTestcase" time="51.680" errors="0" timestamp="2023-04-07T11:49:06 IST" skipped="0">
  <testcase classname="testcase.zoomMagnifierTestcase" name="zoommagnifier" time="51.680"/>
  <system-out/>
</testsuite> <!-- testcase.zoomMagnifierTestcase -->
