<?xml version="1.0" encoding="UTF-8"?>
<!-- Generated by org.testng.reporters.JUnitReportReporter -->
<testsuite hostname="jeeveslaptop" failures="0" tests="1" name="testcase.selection_testCase" time="33.680" errors="0" timestamp="2023-04-07T02:49:08 IST" skipped="0">
  <testcase classname="testcase.selection_testCase" name="selectiontool" time="33.680"/>
  <system-out/>
</testsuite> <!-- testcase.selection_testCase -->
