<?xml version="1.0" encoding="UTF-8"?>
<!-- Generated by org.testng.reporters.JUnitReportReporter -->
<testsuite hostname="jeeveslaptop" failures="0" tests="1" name="testcase.movePrevious" time="30.371" errors="0" timestamp="2023-04-07T02:40:33 IST" skipped="0">
  <testcase classname="testcase.movePrevious" name="moveprevious" time="30.371"/>
  <system-out/>
</testsuite> <!-- testcase.movePrevious -->
