<?xml version="1.0" encoding="UTF-8"?>
<!-- Generated by org.testng.reporters.JUnitReportReporter -->
<testsuite hostname="jeeveslaptop" failures="0" tests="1" name="testcase.MoveLastTestcase" time="28.738" errors="0" timestamp="2023-04-07T03:02:00 IST" skipped="0">
  <testcase classname="testcase.MoveLastTestcase" name="movelast" time="28.738"/>
  <system-out/>
</testsuite> <!-- testcase.MoveLastTestcase -->
