<?xml version="1.0" encoding="UTF-8"?>
<!-- Generated by org.testng.reporters.JUnitReportReporter -->
<testsuite hostname="jeeveslaptop" failures="0" tests="1" name="testcase.ZoomAreaSelectionTestcase" time="32.333" errors="0" timestamp="2023-04-07T11:46:57 IST" skipped="0">
  <testcase classname="testcase.ZoomAreaSelectionTestcase" name="zoomselectarea" time="32.333"/>
  <system-out/>
</testsuite> <!-- testcase.ZoomAreaSelectionTestcase -->
